<?xml version="1.0" encoding="UTF-8"?>
<!-- Generated by org.testng.reporters.JUnitXMLReporter -->
<testsuite ignored="0" hostname="vk" failures="2" tests="2" name="Test" time="0.353" errors="0" timestamp="2023-09-29T17:13:18 IST">
  <testcase classname="Pom_A.MyOrangeLogin" name="appLaunch" time="0.043">
    <failure type="java.io.FileNotFoundException" message="C:\Users\ryk96\eclipse-workspace\Pom_AC:\Users\ryk96\eclipse-workspace\WebMath\Confi (The filename, directory name, or volume label syntax is incorrect)">
      <![CDATA[java.io.FileNotFoundException: C:\Users\ryk96\eclipse-workspace\Pom_AC:\Users\ryk96\eclipse-workspace\WebMath\Confi (The filename, directory name, or volume label syntax is incorrect)
at java.base/java.io.FileInputStream.open0(Native Method)
at java.base/java.io.FileInputStream.open(FileInputStream.java:216)
at java.base/java.io.FileInputStream.<init>(FileInputStream.java:157)
at java.base/java.io.FileInputStream.<init>(FileInputStream.java:111)
at MyData.GENERICS.applicationLaunch(GENERICS.java:33)
at Pom_A.MyOrangeLogin.appLaunch(MyOrangeLogin.java:20)
at java.base/java.util.ArrayList.forEach(ArrayList.java:1511)
... Removed 27 stack frames]]>
    </failure>
  </testcase> <!-- appLaunch -->
  <testcase classname="Pom_A.MyOrangeLogin" name="loginApplication" time="0.081">
    <failure type="java.io.FileNotFoundException" message="C:\Users\ryk96\eclipse-workspace\Pom_AC:\Users\ryk96\eclipse-workspace\WebMath\confi.properties (The filename, directory name, or volume label syntax is incorrect)">
      <![CDATA[java.io.FileNotFoundException: C:\Users\ryk96\eclipse-workspace\Pom_AC:\Users\ryk96\eclipse-workspace\WebMath\confi.properties (The filename, directory name, or volume label syntax is incorrect)
at java.base/java.io.FileInputStream.open0(Native Method)
at java.base/java.io.FileInputStream.open(FileInputStream.java:216)
at java.base/java.io.FileInputStream.<init>(FileInputStream.java:157)
at java.base/java.io.FileInputStream.<init>(FileInputStream.java:111)
at MyData.OrangeLogin.loginAction(OrangeLogin.java:25)
at Pom_A.MyOrangeLogin.loginApplication(MyOrangeLogin.java:25)
at java.base/java.util.ArrayList.forEach(ArrayList.java:1511)
... Removed 27 stack frames]]>
    </failure>
  </testcase> <!-- loginApplication -->
</testsuite> <!-- Test -->
